app/build/intermediates/manifest_merge_blame_file/debug/manifest-merger-blame-debug-report.txt
1<?xml version="1.0" encoding="utf-8"?>
2<manifest xmlns:android="http://schemas.android.com/apk/res/android"
3    package="com.matrix.music"
4    android:versionCode="1"
5    android:versionName="1.0" >
6
7    <uses-sdk
8        android:minSdkVersion="19"
8-->src/main/AndroidManifest.xml
9        android:targetSdkVersion="33" />
9-->src/main/AndroidManifest.xml
10
11    <uses-permission android:name="android.permission.READ_EXTERNAL_STORAGE" />
11-->src/main/AndroidManifest.xml:4:5-80
11-->src/main/AndroidManifest.xml:4:22-77
12    <uses-permission android:name="android.permission.INTERNET" />
12-->src/main/AndroidManifest.xml:5:5-67
12-->src/main/AndroidManifest.xml:5:22-64
13    <uses-permission android:name="android.permission.READ_MEDIA_AUDIO" />
13-->src/main/AndroidManifest.xml:6:5-74
13-->src/main/AndroidManifest.xml:6:22-72
14    <uses-permission android:name="android.permission.READ_MEDIA_IMAGES" />
14-->src/main/AndroidManifest.xml:7:5-75
14-->src/main/AndroidManifest.xml:7:22-73
15    <uses-permission android:name="android.permission.READ_MEDIA_VIDEO" />
15-->src/main/AndroidManifest.xml:8:5-74
15-->src/main/AndroidManifest.xml:8:22-72
16
17    <!-- Although the *SdkVersion is captured in gradle build files, this is required for non gradle builds -->
18    <!-- <uses-sdk android:minSdkVersion="14"/> -->
19    <uses-permission android:name="android.permission.ACCESS_NETWORK_STATE" />
19-->[com.google.firebase:firebase-storage:20.2.1] AndroidManifest.xml:25:5-79
19-->[com.google.firebase:firebase-storage:20.2.1] AndroidManifest.xml:25:22-76
20    <uses-permission android:name="android.permission.WAKE_LOCK" />
20-->[com.google.android.gms:play-services-measurement-api:21.3.0] AndroidManifest.xml:24:5-68
20-->[com.google.android.gms:play-services-measurement-api:21.3.0] AndroidManifest.xml:24:22-65
21    <uses-permission android:name="com.google.android.gms.permission.AD_ID" />
21-->[com.google.android.gms:play-services-measurement-api:21.3.0] AndroidManifest.xml:25:5-79
21-->[com.google.android.gms:play-services-measurement-api:21.3.0] AndroidManifest.xml:25:22-76
22    <uses-permission android:name="com.google.android.finsky.permission.BIND_GET_INSTALL_REFERRER_SERVICE" />
22-->[com.google.android.gms:play-services-measurement:21.3.0] AndroidManifest.xml:26:5-110
22-->[com.google.android.gms:play-services-measurement:21.3.0] AndroidManifest.xml:26:22-107
23
24    <permission
24-->[androidx.core:core:1.9.0] AndroidManifest.xml:22:5-24:47
25        android:name="com.matrix.music.DYNAMIC_RECEIVER_NOT_EXPORTED_PERMISSION"
25-->[androidx.core:core:1.9.0] AndroidManifest.xml:23:9-81
26        android:protectionLevel="signature" />
26-->[androidx.core:core:1.9.0] AndroidManifest.xml:24:9-44
27
28    <uses-permission android:name="com.matrix.music.DYNAMIC_RECEIVER_NOT_EXPORTED_PERMISSION" />
28-->[androidx.core:core:1.9.0] AndroidManifest.xml:26:5-97
28-->[androidx.core:core:1.9.0] AndroidManifest.xml:26:22-94
29
30    <application
30-->src/main/AndroidManifest.xml:10:5-61:19
31        android:allowBackup="true"
31-->src/main/AndroidManifest.xml:11:9-35
32        android:appComponentFactory="androidx.core.app.CoreComponentFactory"
32-->[androidx.core:core:1.9.0] AndroidManifest.xml:28:18-86
33        android:debuggable="true"
34        android:icon="@mipmap/ic_launcher"
34-->src/main/AndroidManifest.xml:12:9-43
35        android:label="@string/app_name"
35-->src/main/AndroidManifest.xml:13:9-41
36        android:roundIcon="@mipmap/ic_launcher_round"
36-->src/main/AndroidManifest.xml:14:9-54
37        android:supportsRtl="true"
37-->src/main/AndroidManifest.xml:15:9-35
38        android:testOnly="true"
39        android:theme="@style/AppTheme"
39-->src/main/AndroidManifest.xml:16:9-40
40        android:usesCleartextTraffic="true" >
40-->[com.github.jeancsanchez:JcPlayer:2.7.2] AndroidManifest.xml:17:9-44
41        <activity
41-->src/main/AndroidManifest.xml:17:9-23:20
42            android:name="com.matrix.music.AddSongToPlayslist"
42-->src/main/AndroidManifest.xml:18:13-63
43            android:exported="false" >
43-->src/main/AndroidManifest.xml:19:13-37
44            <meta-data
44-->src/main/AndroidManifest.xml:20:13-22:36
45                android:name="android.app.lib_name"
45-->src/main/AndroidManifest.xml:21:17-52
46                android:value="" />
46-->src/main/AndroidManifest.xml:22:17-33
47        </activity>
48        <activity
48-->src/main/AndroidManifest.xml:24:9-30:20
49            android:name="com.matrix.music.SongList"
49-->src/main/AndroidManifest.xml:25:13-53
50            android:exported="false" >
50-->src/main/AndroidManifest.xml:26:13-37
51            <meta-data
51-->src/main/AndroidManifest.xml:20:13-22:36
52                android:name="android.app.lib_name"
52-->src/main/AndroidManifest.xml:21:17-52
53                android:value="" />
53-->src/main/AndroidManifest.xml:22:17-33
54        </activity>
55        <activity
55-->src/main/AndroidManifest.xml:31:9-37:20
56            android:name="com.matrix.music.PlaylistScreen"
56-->src/main/AndroidManifest.xml:32:13-59
57            android:exported="false" >
57-->src/main/AndroidManifest.xml:33:13-37
58            <meta-data
58-->src/main/AndroidManifest.xml:20:13-22:36
59                android:name="android.app.lib_name"
59-->src/main/AndroidManifest.xml:21:17-52
60                android:value="" />
60-->src/main/AndroidManifest.xml:22:17-33
61        </activity>
62        <activity
62-->src/main/AndroidManifest.xml:38:9-44:20
63            android:name="com.matrix.music.PopularSongs"
63-->src/main/AndroidManifest.xml:39:13-57
64            android:exported="false" >
64-->src/main/AndroidManifest.xml:40:13-37
65            <meta-data
65-->src/main/AndroidManifest.xml:20:13-22:36
66                android:name="android.app.lib_name"
66-->src/main/AndroidManifest.xml:21:17-52
67                android:value="" />
67-->src/main/AndroidManifest.xml:22:17-33
68        </activity>
69        <activity android:name="com.matrix.music.UploadSongActivity" />
69-->src/main/AndroidManifest.xml:45:9-72
69-->src/main/AndroidManifest.xml:45:19-69
70        <activity android:name="com.matrix.music.RegisterActivity" />
70-->src/main/AndroidManifest.xml:46:9-70
70-->src/main/AndroidManifest.xml:46:19-67
71        <activity android:name="com.matrix.music.ProfileActivity" />
71-->src/main/AndroidManifest.xml:47:9-69
71-->src/main/AndroidManifest.xml:47:19-66
72        <activity
72-->src/main/AndroidManifest.xml:48:9-56:20
73            android:name="com.matrix.music.LoginActivity"
73-->src/main/AndroidManifest.xml:49:13-58
74            android:exported="true" >
74-->src/main/AndroidManifest.xml:50:13-36
75            <intent-filter>
75-->src/main/AndroidManifest.xml:51:13-55:29
76                <action android:name="android.intent.action.MAIN" />
76-->src/main/AndroidManifest.xml:52:17-69
76-->src/main/AndroidManifest.xml:52:25-66
77
78                <category android:name="android.intent.category.LAUNCHER" />
78-->src/main/AndroidManifest.xml:54:17-77
78-->src/main/AndroidManifest.xml:54:27-74
79            </intent-filter>
80        </activity>
81        <activity android:name="com.matrix.music.ForgetPassword" />
81-->src/main/AndroidManifest.xml:57:9-68
81-->src/main/AndroidManifest.xml:57:19-65
82        <activity
82-->src/main/AndroidManifest.xml:58:9-60:59
83            android:name="com.matrix.music.MainActivity"
83-->src/main/AndroidManifest.xml:59:13-57
84            android:theme="@style/MyMaterialTheme.Base" />
84-->src/main/AndroidManifest.xml:60:13-56
85        <activity
85-->[com.karumi:dexter:6.2.2] AndroidManifest.xml:27:9-29:72
86            android:name="com.karumi.dexter.DexterActivity"
86-->[com.karumi:dexter:6.2.2] AndroidManifest.xml:28:13-60
87            android:theme="@style/Dexter.Internal.Theme.Transparent" />
87-->[com.karumi:dexter:6.2.2] AndroidManifest.xml:29:13-69
88
89        <service android:name="com.example.jean.jcplayer.service.JcPlayerService" />
89-->[com.github.jeancsanchez:JcPlayer:2.7.2] AndroidManifest.xml:19:9-85
89-->[com.github.jeancsanchez:JcPlayer:2.7.2] AndroidManifest.xml:19:18-82
90
91        <receiver
91-->[com.github.jeancsanchez:JcPlayer:2.7.2] AndroidManifest.xml:21:9-24:40
92            android:name="com.example.jean.jcplayer.service.notification.JcPlayerNotificationReceiver"
92-->[com.github.jeancsanchez:JcPlayer:2.7.2] AndroidManifest.xml:22:13-103
93            android:enabled="true"
93-->[com.github.jeancsanchez:JcPlayer:2.7.2] AndroidManifest.xml:23:13-35
94            android:exported="false" />
94-->[com.github.jeancsanchez:JcPlayer:2.7.2] AndroidManifest.xml:24:13-37
95
96        <service
96-->[com.google.firebase:firebase-storage:20.2.1] AndroidManifest.xml:29:9-35:19
97            android:name="com.google.firebase.components.ComponentDiscoveryService"
97-->[com.google.firebase:firebase-storage:20.2.1] AndroidManifest.xml:30:13-84
98            android:directBootAware="true"
98-->[com.google.firebase:firebase-common:20.3.2] AndroidManifest.xml:34:13-43
99            android:exported="false" >
99-->[com.google.firebase:firebase-storage:20.2.1] AndroidManifest.xml:31:13-37
100            <meta-data
100-->[com.google.firebase:firebase-storage:20.2.1] AndroidManifest.xml:32:13-34:85
101                android:name="com.google.firebase.components:com.google.firebase.storage.StorageRegistrar"
101-->[com.google.firebase:firebase-storage:20.2.1] AndroidManifest.xml:33:17-107
102                android:value="com.google.firebase.components.ComponentRegistrar" />
102-->[com.google.firebase:firebase-storage:20.2.1] AndroidManifest.xml:34:17-82
103            <meta-data
103-->[com.google.firebase:firebase-database:20.2.2] AndroidManifest.xml:31:13-33:85
104                android:name="com.google.firebase.components:com.google.firebase.database.DatabaseRegistrar"
104-->[com.google.firebase:firebase-database:20.2.2] AndroidManifest.xml:32:17-109
105                android:value="com.google.firebase.components.ComponentRegistrar" />
105-->[com.google.firebase:firebase-database:20.2.2] AndroidManifest.xml:33:17-82
106            <meta-data
106-->[com.google.firebase:firebase-auth-ktx:22.1.0] AndroidManifest.xml:11:13-13:85
107                android:name="com.google.firebase.components:com.google.firebase.auth.ktx.FirebaseAuthKtxRegistrar"
107-->[com.google.firebase:firebase-auth-ktx:22.1.0] AndroidManifest.xml:12:17-116
108                android:value="com.google.firebase.components.ComponentRegistrar" />
108-->[com.google.firebase:firebase-auth-ktx:22.1.0] AndroidManifest.xml:13:17-82
109            <meta-data
109-->[com.google.firebase:firebase-auth:22.1.0] AndroidManifest.xml:69:13-71:85
110                android:name="com.google.firebase.components:com.google.firebase.auth.FirebaseAuthRegistrar"
110-->[com.google.firebase:firebase-auth:22.1.0] AndroidManifest.xml:70:17-109
111                android:value="com.google.firebase.components.ComponentRegistrar" />
111-->[com.google.firebase:firebase-auth:22.1.0] AndroidManifest.xml:71:17-82
112            <meta-data
112-->[com.google.firebase:firebase-common-ktx:20.2.0] AndroidManifest.xml:14:13-16:85
113                android:name="com.google.firebase.components:com.google.firebase.ktx.FirebaseCommonKtxRegistrar"
113-->[com.google.firebase:firebase-common-ktx:20.2.0] AndroidManifest.xml:15:17-113
114                android:value="com.google.firebase.components.ComponentRegistrar" />
114-->[com.google.firebase:firebase-common-ktx:20.2.0] AndroidManifest.xml:16:17-82
115            <meta-data
115-->[com.google.android.gms:play-services-measurement-api:21.3.0] AndroidManifest.xml:31:13-33:85
116                android:name="com.google.firebase.components:com.google.firebase.analytics.connector.internal.AnalyticsConnectorRegistrar"
116-->[com.google.android.gms:play-services-measurement-api:21.3.0] AndroidManifest.xml:32:17-139
117                android:value="com.google.firebase.components.ComponentRegistrar" />
117-->[com.google.android.gms:play-services-measurement-api:21.3.0] AndroidManifest.xml:33:17-82
118            <meta-data
118-->[com.google.firebase:firebase-installations:17.0.1] AndroidManifest.xml:18:13-20:85
119                android:name="com.google.firebase.components:com.google.firebase.installations.FirebaseInstallationsRegistrar"
119-->[com.google.firebase:firebase-installations:17.0.1] AndroidManifest.xml:19:17-127
120                android:value="com.google.firebase.components.ComponentRegistrar" />
120-->[com.google.firebase:firebase-installations:17.0.1] AndroidManifest.xml:20:17-82
121        </service>
122
123        <activity
123-->[com.google.firebase:firebase-auth:22.1.0] AndroidManifest.xml:29:9-46:20
124            android:name="com.google.firebase.auth.internal.GenericIdpActivity"
124-->[com.google.firebase:firebase-auth:22.1.0] AndroidManifest.xml:30:13-80
125            android:excludeFromRecents="true"
125-->[com.google.firebase:firebase-auth:22.1.0] AndroidManifest.xml:31:13-46
126            android:exported="true"
126-->[com.google.firebase:firebase-auth:22.1.0] AndroidManifest.xml:32:13-36
127            android:launchMode="singleTask"
127-->[com.google.firebase:firebase-auth:22.1.0] AndroidManifest.xml:33:13-44
128            android:theme="@android:style/Theme.Translucent.NoTitleBar" >
128-->[com.google.firebase:firebase-auth:22.1.0] AndroidManifest.xml:34:13-72
129            <intent-filter>
129-->[com.google.firebase:firebase-auth:22.1.0] AndroidManifest.xml:35:13-45:29
130                <action android:name="android.intent.action.VIEW" />
130-->[com.google.firebase:firebase-auth:22.1.0] AndroidManifest.xml:36:17-69
130-->[com.google.firebase:firebase-auth:22.1.0] AndroidManifest.xml:36:25-66
131
132                <category android:name="android.intent.category.DEFAULT" />
132-->[com.google.firebase:firebase-auth:22.1.0] AndroidManifest.xml:38:17-76
132-->[com.google.firebase:firebase-auth:22.1.0] AndroidManifest.xml:38:27-73
133                <category android:name="android.intent.category.BROWSABLE" />
133-->[com.google.firebase:firebase-auth:22.1.0] AndroidManifest.xml:39:17-78
133-->[com.google.firebase:firebase-auth:22.1.0] AndroidManifest.xml:39:27-75
134
135                <data
135-->[com.google.firebase:firebase-auth:22.1.0] AndroidManifest.xml:41:17-44:51
136                    android:host="firebase.auth"
136-->[com.google.firebase:firebase-auth:22.1.0] AndroidManifest.xml:42:21-49
137                    android:path="/"
137-->[com.google.firebase:firebase-auth:22.1.0] AndroidManifest.xml:43:21-37
138                    android:scheme="genericidp" />
138-->[com.google.firebase:firebase-auth:22.1.0] AndroidManifest.xml:44:21-48
139            </intent-filter>
140        </activity>
141        <activity
141-->[com.google.firebase:firebase-auth:22.1.0] AndroidManifest.xml:47:9-64:20
142            android:name="com.google.firebase.auth.internal.RecaptchaActivity"
142-->[com.google.firebase:firebase-auth:22.1.0] AndroidManifest.xml:48:13-79
143            android:excludeFromRecents="true"
143-->[com.google.firebase:firebase-auth:22.1.0] AndroidManifest.xml:49:13-46
144            android:exported="true"
144-->[com.google.firebase:firebase-auth:22.1.0] AndroidManifest.xml:50:13-36
145            android:launchMode="singleTask"
145-->[com.google.firebase:firebase-auth:22.1.0] AndroidManifest.xml:51:13-44
146            android:theme="@android:style/Theme.Translucent.NoTitleBar" >
146-->[com.google.firebase:firebase-auth:22.1.0] AndroidManifest.xml:52:13-72
147            <intent-filter>
147-->[com.google.firebase:firebase-auth:22.1.0] AndroidManifest.xml:53:13-63:29
148                <action android:name="android.intent.action.VIEW" />
148-->[com.google.firebase:firebase-auth:22.1.0] AndroidManifest.xml:36:17-69
148-->[com.google.firebase:firebase-auth:22.1.0] AndroidManifest.xml:36:25-66
149
150                <category android:name="android.intent.category.DEFAULT" />
150-->[com.google.firebase:firebase-auth:22.1.0] AndroidManifest.xml:38:17-76
150-->[com.google.firebase:firebase-auth:22.1.0] AndroidManifest.xml:38:27-73
151                <category android:name="android.intent.category.BROWSABLE" />
151-->[com.google.firebase:firebase-auth:22.1.0] AndroidManifest.xml:39:17-78
151-->[com.google.firebase:firebase-auth:22.1.0] AndroidManifest.xml:39:27-75
152
153                <data
153-->[com.google.firebase:firebase-auth:22.1.0] AndroidManifest.xml:41:17-44:51
154                    android:host="firebase.auth"
154-->[com.google.firebase:firebase-auth:22.1.0] AndroidManifest.xml:42:21-49
155                    android:path="/"
155-->[com.google.firebase:firebase-auth:22.1.0] AndroidManifest.xml:43:21-37
156                    android:scheme="recaptcha" />
156-->[com.google.firebase:firebase-auth:22.1.0] AndroidManifest.xml:44:21-48
157            </intent-filter>
158        </activity>
159
160        <provider
160-->[com.squareup.picasso:picasso:2.8] AndroidManifest.xml:8:9-11:40
161            android:name="com.squareup.picasso.PicassoProvider"
161-->[com.squareup.picasso:picasso:2.8] AndroidManifest.xml:9:13-64
162            android:authorities="com.matrix.music.com.squareup.picasso"
162-->[com.squareup.picasso:picasso:2.8] AndroidManifest.xml:10:13-72
163            android:exported="false" />
163-->[com.squareup.picasso:picasso:2.8] AndroidManifest.xml:11:13-37
164
165        <activity
165-->[com.google.android.gms:play-services-base:18.1.0] AndroidManifest.xml:20:9-22:45
166            android:name="com.google.android.gms.common.api.GoogleApiActivity"
166-->[com.google.android.gms:play-services-base:18.1.0] AndroidManifest.xml:20:19-85
167            android:exported="false"
167-->[com.google.android.gms:play-services-base:18.1.0] AndroidManifest.xml:22:19-43
168            android:theme="@android:style/Theme.Translucent.NoTitleBar" />
168-->[com.google.android.gms:play-services-base:18.1.0] AndroidManifest.xml:21:19-78
169
170        <provider
170-->[com.google.firebase:firebase-common:20.3.2] AndroidManifest.xml:25:9-30:39
171            android:name="com.google.firebase.provider.FirebaseInitProvider"
171-->[com.google.firebase:firebase-common:20.3.2] AndroidManifest.xml:26:13-77
172            android:authorities="com.matrix.music.firebaseinitprovider"
172-->[com.google.firebase:firebase-common:20.3.2] AndroidManifest.xml:27:13-72
173            android:directBootAware="true"
173-->[com.google.firebase:firebase-common:20.3.2] AndroidManifest.xml:28:13-43
174            android:exported="false"
174-->[com.google.firebase:firebase-common:20.3.2] AndroidManifest.xml:29:13-37
175            android:initOrder="100" />
175-->[com.google.firebase:firebase-common:20.3.2] AndroidManifest.xml:30:13-36
176
177        <receiver
177-->[com.google.android.gms:play-services-measurement:21.3.0] AndroidManifest.xml:29:9-33:20
178            android:name="com.google.android.gms.measurement.AppMeasurementReceiver"
178-->[com.google.android.gms:play-services-measurement:21.3.0] AndroidManifest.xml:30:13-85
179            android:enabled="true"
179-->[com.google.android.gms:play-services-measurement:21.3.0] AndroidManifest.xml:31:13-35
180            android:exported="false" >
180-->[com.google.android.gms:play-services-measurement:21.3.0] AndroidManifest.xml:32:13-37
181        </receiver>
182
183        <service
183-->[com.google.android.gms:play-services-measurement:21.3.0] AndroidManifest.xml:35:9-38:40
184            android:name="com.google.android.gms.measurement.AppMeasurementService"
184-->[com.google.android.gms:play-services-measurement:21.3.0] AndroidManifest.xml:36:13-84
185            android:enabled="true"
185-->[com.google.android.gms:play-services-measurement:21.3.0] AndroidManifest.xml:37:13-35
186            android:exported="false" />
186-->[com.google.android.gms:play-services-measurement:21.3.0] AndroidManifest.xml:38:13-37
187        <service
187-->[com.google.android.gms:play-services-measurement:21.3.0] AndroidManifest.xml:39:9-43:72
188            android:name="com.google.android.gms.measurement.AppMeasurementJobService"
188-->[com.google.android.gms:play-services-measurement:21.3.0] AndroidManifest.xml:40:13-87
189            android:enabled="true"
189-->[com.google.android.gms:play-services-measurement:21.3.0] AndroidManifest.xml:41:13-35
190            android:exported="false"
190-->[com.google.android.gms:play-services-measurement:21.3.0] AndroidManifest.xml:42:13-37
191            android:permission="android.permission.BIND_JOB_SERVICE" />
191-->[com.google.android.gms:play-services-measurement:21.3.0] AndroidManifest.xml:43:13-69
192
193        <meta-data
193-->[com.google.android.gms:play-services-basement:18.1.0] AndroidManifest.xml:21:9-23:69
194            android:name="com.google.android.gms.version"
194-->[com.google.android.gms:play-services-basement:18.1.0] AndroidManifest.xml:22:13-58
195            android:value="@integer/google_play_services_version" />
195-->[com.google.android.gms:play-services-basement:18.1.0] AndroidManifest.xml:23:13-66
196
197        <provider
197-->[androidx.emoji2:emoji2:1.2.0] AndroidManifest.xml:24:9-32:20
198            android:name="androidx.startup.InitializationProvider"
198-->[androidx.emoji2:emoji2:1.2.0] AndroidManifest.xml:25:13-67
199            android:authorities="com.matrix.music.androidx-startup"
199-->[androidx.emoji2:emoji2:1.2.0] AndroidManifest.xml:26:13-68
200            android:exported="false" >
200-->[androidx.emoji2:emoji2:1.2.0] AndroidManifest.xml:27:13-37
201            <meta-data
201-->[androidx.emoji2:emoji2:1.2.0] AndroidManifest.xml:29:13-31:52
202                android:name="androidx.emoji2.text.EmojiCompatInitializer"
202-->[androidx.emoji2:emoji2:1.2.0] AndroidManifest.xml:30:17-75
203                android:value="androidx.startup" />
203-->[androidx.emoji2:emoji2:1.2.0] AndroidManifest.xml:31:17-49
204            <meta-data
204-->[androidx.lifecycle:lifecycle-process:2.4.1] AndroidManifest.xml:31:13-33:52
205                android:name="androidx.lifecycle.ProcessLifecycleInitializer"
205-->[androidx.lifecycle:lifecycle-process:2.4.1] AndroidManifest.xml:32:17-78
206                android:value="androidx.startup" />
206-->[androidx.lifecycle:lifecycle-process:2.4.1] AndroidManifest.xml:33:17-49
207        </provider>
208    </application>
209
210</manifest>